*** Using Compiler 'V6.21', folder: 'C:\Keil_v5\ARM\ARMCLANG\Bin'
Rebuild target 'CLOCK'
Before Build - User command #1: cmd.exe /C "c:\Users\Admin\Desktop\WHU study\experiment\TI\CLOCK\keil\../syscfg.bat 'c:\Users\Admin\Desktop\WHU study\experiment\TI\CLOCK\keil\' empty.syscfg"
'c:\Users\Admin\Desktop\WHU' 不是内部或外部命令，也不是可运行的程序
或批处理文件。
compiling dl_adc12.c...
compiling dl_aes.c...
compiling dl_common.c...
compiling dl_dac12.c...
compiling dl_crc.c...
assembling startup_mspm0l1306_uvision.s...
compiling ti_msp_dl_config.c...
compiling dl_dma.c...
compiling oled.c...
compiling eeprom_emulation_type_a.c...
compiling dl_mcan.c...
compiling dl_mathacl.c...
compiling dl_i2c.c...
compiling dl_rtc.c...
compiling dl_opa.c...
compiling dl_trng.c...
compiling dl_flashctl.c...
compiling empty.c...
compiling dl_spi.c...
compiling dl_uart.c...
compiling dl_timer.c...
compiling dl_vref.c...
linking...
Program Size: Code=26456 RO-data=2712 RW-data=28 ZI-data=1788  
FromELF: creating hex file...
".\Objects\empty_driverlib_src_LP_MSPM0L1306_nortos_keil.axf" - 0 Error(s), 0 Warning(s).
Build Time Elapsed:  00:00:03
